<?xml version="1.0" encoding="UTF-8"?>
<testsuite xmlns:xsi="http://www.w3.org/2001/XMLSchema-instance" xsi:noNamespaceSchemaLocation="https://maven.apache.org/surefire/maven-surefire-plugin/xsd/surefire-test-report-3.0.xsd" version="3.0" name="org.shifat.AppTest" time="0.018" tests="1" errors="0" skipped="0" failures="0">
  <properties>
    <property name="java.specification.version" value="18"/>
    <property name="sun.jnu.encoding" value="UTF-8"/>
    <property name="java.class.path" value="/Users/shifatsahariar/Documents/java/Udasecurity/ImageService/target/test-classes:/Users/shifatsahariar/.m2/repository/software/amazon/awssdk/protocol-core/2.19.18/protocol-core-2.19.18.jar:/Users/shifatsahariar/.m2/repository/org/reactivestreams/reactive-streams/1.0.3/reactive-streams-1.0.3.jar:/Users/shifatsahariar/.m2/repository/software/amazon/awssdk/annotations/2.19.18/annotations-2.19.18.jar:/Users/shifatsahariar/.m2/repository/software/amazon/awssdk/utils/2.19.18/utils-2.19.18.jar:/Users/shifatsahariar/.m2/repository/software/amazon/awssdk/http-client-spi/2.19.18/http-client-spi-2.19.18.jar:/Users/shifatsahariar/.m2/repository/software/amazon/awssdk/sts/2.19.18/sts-2.19.18.jar:/Users/shifatsahariar/.m2/repository/software/amazon/awssdk/aws-query-protocol/2.19.18/aws-query-protocol-2.19.18.jar:/Users/shifatsahariar/.m2/repository/software/amazon/awssdk/profiles/2.19.18/profiles-2.19.18.jar:/Users/shifatsahariar/.m2/repository/software/amazon/eventstream/eventstream/1.0.1/eventstream-1.0.1.jar:/Users/shifatsahariar/.m2/repository/software/amazon/awssdk/aws-core/2.19.18/aws-core-2.19.18.jar:/Users/shifatsahariar/.m2/repository/software/amazon/awssdk/metrics-spi/2.19.18/metrics-spi-2.19.18.jar:/Users/shifatsahariar/.m2/repository/software/amazon/awssdk/json-utils/2.19.18/json-utils-2.19.18.jar:/Users/shifatsahariar/.m2/repository/software/amazon/awssdk/third-party-jackson-core/2.19.18/third-party-jackson-core-2.19.18.jar:/Users/shifatsahariar/.m2/repository/software/amazon/awssdk/endpoints-spi/2.19.18/endpoints-spi-2.19.18.jar:/Users/shifatsahariar/.m2/repository/software/amazon/awssdk/apache-client/2.19.18/apache-client-2.19.18.jar:/Users/shifatsahariar/.m2/repository/org/apache/httpcomponents/httpclient/4.5.13/httpclient-4.5.13.jar:/Users/shifatsahariar/.m2/repository/commons-logging/commons-logging/1.2/commons-logging-1.2.jar:/Users/shifatsahariar/.m2/repository/commons-codec/commons-codec/1.11/commons-codec-1.11.jar:/Users/shifatsahariar/.m2/repository/org/apache/httpcomponents/httpcore/4.4.13/httpcore-4.4.13.jar:/Users/shifatsahariar/.m2/repository/software/amazon/awssdk/netty-nio-client/2.19.18/netty-nio-client-2.19.18.jar:/Users/shifatsahariar/.m2/repository/io/netty/netty-codec-http/4.1.86.Final/netty-codec-http-4.1.86.Final.jar:/Users/shifatsahariar/.m2/repository/io/netty/netty-codec-http2/4.1.86.Final/netty-codec-http2-4.1.86.Final.jar:/Users/shifatsahariar/.m2/repository/io/netty/netty-codec/4.1.86.Final/netty-codec-4.1.86.Final.jar:/Users/shifatsahariar/.m2/repository/io/netty/netty-transport/4.1.86.Final/netty-transport-4.1.86.Final.jar:/Users/shifatsahariar/.m2/repository/io/netty/netty-resolver/4.1.86.Final/netty-resolver-4.1.86.Final.jar:/Users/shifatsahariar/.m2/repository/io/netty/netty-common/4.1.86.Final/netty-common-4.1.86.Final.jar:/Users/shifatsahariar/.m2/repository/io/netty/netty-buffer/4.1.86.Final/netty-buffer-4.1.86.Final.jar:/Users/shifatsahariar/.m2/repository/io/netty/netty-handler/4.1.86.Final/netty-handler-4.1.86.Final.jar:/Users/shifatsahariar/.m2/repository/io/netty/netty-transport-native-unix-common/4.1.86.Final/netty-transport-native-unix-common-4.1.86.Final.jar:/Users/shifatsahariar/.m2/repository/io/netty/netty-transport-classes-epoll/4.1.86.Final/netty-transport-classes-epoll-4.1.86.Final.jar:/Users/shifatsahariar/.m2/repository/software/amazon/awssdk/aws-json-protocol/2.19.18/aws-json-protocol-2.19.18.jar:/Users/shifatsahariar/.m2/repository/org/junit/platform/junit-platform-launcher/1.9.2/junit-platform-launcher-1.9.2.jar:/Users/shifatsahariar/.m2/repository/org/junit/platform/junit-platform-engine/1.9.2/junit-platform-engine-1.9.2.jar:/Users/shifatsahariar/.m2/repository/org/opentest4j/opentest4j/1.2.0/opentest4j-1.2.0.jar:/Users/shifatsahariar/.m2/repository/org/junit/platform/junit-platform-commons/1.9.2/junit-platform-commons-1.9.2.jar:/Users/shifatsahariar/.m2/repository/org/apiguardian/apiguardian-api/1.1.2/apiguardian-api-1.1.2.jar:/Users/shifatsahariar/.m2/repository/org/junit/jupiter/junit-jupiter-engine/5.9.2/junit-jupiter-engine-5.9.2.jar:/Users/shifatsahariar/.m2/repository/org/junit/jupiter/junit-jupiter-api/5.9.2/junit-jupiter-api-5.9.2.jar:/Users/shifatsahariar/.m2/repository/org/junit/vintage/junit-vintage-engine/5.9.2/junit-vintage-engine-5.9.2.jar:/Users/shifatsahariar/.m2/repository/junit/junit/4.13.2/junit-4.13.2.jar:/Users/shifatsahariar/.m2/repository/org/hamcrest/hamcrest-core/1.3/hamcrest-core-1.3.jar:/Users/shifatsahariar/.m2/repository/org/junit/jupiter/junit-jupiter-params/5.9.2/junit-jupiter-params-5.9.2.jar:"/>
    <property name="java.vm.vendor" value="Homebrew"/>
    <property name="sun.arch.data.model" value="64"/>
    <property name="java.vendor.url" value="https://github.com/Homebrew/homebrew-core/issues"/>
    <property name="os.name" value="Mac OS X"/>
    <property name="java.vm.specification.version" value="18"/>
    <property name="sun.java.launcher" value="SUN_STANDARD"/>
    <property name="user.country" value="GB"/>
    <property name="sun.boot.library.path" value="/usr/local/Cellar/openjdk/18.0.2.1_1/libexec/openjdk.jdk/Contents/Home/lib"/>
    <property name="sun.java.command" value="org.apache.maven.surefire.booter.ForkedBooter /Users/shifatsahariar/Documents/java/Udasecurity/ImageService/target/surefire 2023-01-24T14-50-39_218-jvmRun1 surefire-20230124145039798_1tmp surefire_0-20230124145039798_2tmp"/>
    <property name="jdk.debug" value="release"/>
    <property name="surefire.test.class.path" value="/Users/shifatsahariar/Documents/java/Udasecurity/ImageService/target/test-classes:/Users/shifatsahariar/.m2/repository/software/amazon/awssdk/protocol-core/2.19.18/protocol-core-2.19.18.jar:/Users/shifatsahariar/.m2/repository/org/reactivestreams/reactive-streams/1.0.3/reactive-streams-1.0.3.jar:/Users/shifatsahariar/.m2/repository/software/amazon/awssdk/annotations/2.19.18/annotations-2.19.18.jar:/Users/shifatsahariar/.m2/repository/software/amazon/awssdk/utils/2.19.18/utils-2.19.18.jar:/Users/shifatsahariar/.m2/repository/software/amazon/awssdk/http-client-spi/2.19.18/http-client-spi-2.19.18.jar:/Users/shifatsahariar/.m2/repository/software/amazon/awssdk/sts/2.19.18/sts-2.19.18.jar:/Users/shifatsahariar/.m2/repository/software/amazon/awssdk/aws-query-protocol/2.19.18/aws-query-protocol-2.19.18.jar:/Users/shifatsahariar/.m2/repository/software/amazon/awssdk/profiles/2.19.18/profiles-2.19.18.jar:/Users/shifatsahariar/.m2/repository/software/amazon/eventstream/eventstream/1.0.1/eventstream-1.0.1.jar:/Users/shifatsahariar/.m2/repository/software/amazon/awssdk/aws-core/2.19.18/aws-core-2.19.18.jar:/Users/shifatsahariar/.m2/repository/software/amazon/awssdk/metrics-spi/2.19.18/metrics-spi-2.19.18.jar:/Users/shifatsahariar/.m2/repository/software/amazon/awssdk/json-utils/2.19.18/json-utils-2.19.18.jar:/Users/shifatsahariar/.m2/repository/software/amazon/awssdk/third-party-jackson-core/2.19.18/third-party-jackson-core-2.19.18.jar:/Users/shifatsahariar/.m2/repository/software/amazon/awssdk/endpoints-spi/2.19.18/endpoints-spi-2.19.18.jar:/Users/shifatsahariar/.m2/repository/software/amazon/awssdk/apache-client/2.19.18/apache-client-2.19.18.jar:/Users/shifatsahariar/.m2/repository/org/apache/httpcomponents/httpclient/4.5.13/httpclient-4.5.13.jar:/Users/shifatsahariar/.m2/repository/commons-logging/commons-logging/1.2/commons-logging-1.2.jar:/Users/shifatsahariar/.m2/repository/commons-codec/commons-codec/1.11/commons-codec-1.11.jar:/Users/shifatsahariar/.m2/repository/org/apache/httpcomponents/httpcore/4.4.13/httpcore-4.4.13.jar:/Users/shifatsahariar/.m2/repository/software/amazon/awssdk/netty-nio-client/2.19.18/netty-nio-client-2.19.18.jar:/Users/shifatsahariar/.m2/repository/io/netty/netty-codec-http/4.1.86.Final/netty-codec-http-4.1.86.Final.jar:/Users/shifatsahariar/.m2/repository/io/netty/netty-codec-http2/4.1.86.Final/netty-codec-http2-4.1.86.Final.jar:/Users/shifatsahariar/.m2/repository/io/netty/netty-codec/4.1.86.Final/netty-codec-4.1.86.Final.jar:/Users/shifatsahariar/.m2/repository/io/netty/netty-transport/4.1.86.Final/netty-transport-4.1.86.Final.jar:/Users/shifatsahariar/.m2/repository/io/netty/netty-resolver/4.1.86.Final/netty-resolver-4.1.86.Final.jar:/Users/shifatsahariar/.m2/repository/io/netty/netty-common/4.1.86.Final/netty-common-4.1.86.Final.jar:/Users/shifatsahariar/.m2/repository/io/netty/netty-buffer/4.1.86.Final/netty-buffer-4.1.86.Final.jar:/Users/shifatsahariar/.m2/repository/io/netty/netty-handler/4.1.86.Final/netty-handler-4.1.86.Final.jar:/Users/shifatsahariar/.m2/repository/io/netty/netty-transport-native-unix-common/4.1.86.Final/netty-transport-native-unix-common-4.1.86.Final.jar:/Users/shifatsahariar/.m2/repository/io/netty/netty-transport-classes-epoll/4.1.86.Final/netty-transport-classes-epoll-4.1.86.Final.jar:/Users/shifatsahariar/.m2/repository/software/amazon/awssdk/aws-json-protocol/2.19.18/aws-json-protocol-2.19.18.jar:/Users/shifatsahariar/.m2/repository/org/junit/platform/junit-platform-launcher/1.9.2/junit-platform-launcher-1.9.2.jar:/Users/shifatsahariar/.m2/repository/org/junit/platform/junit-platform-engine/1.9.2/junit-platform-engine-1.9.2.jar:/Users/shifatsahariar/.m2/repository/org/opentest4j/opentest4j/1.2.0/opentest4j-1.2.0.jar:/Users/shifatsahariar/.m2/repository/org/junit/platform/junit-platform-commons/1.9.2/junit-platform-commons-1.9.2.jar:/Users/shifatsahariar/.m2/repository/org/apiguardian/apiguardian-api/1.1.2/apiguardian-api-1.1.2.jar:/Users/shifatsahariar/.m2/repository/org/junit/jupiter/junit-jupiter-engine/5.9.2/junit-jupiter-engine-5.9.2.jar:/Users/shifatsahariar/.m2/repository/org/junit/jupiter/junit-jupiter-api/5.9.2/junit-jupiter-api-5.9.2.jar:/Users/shifatsahariar/.m2/repository/org/junit/vintage/junit-vintage-engine/5.9.2/junit-vintage-engine-5.9.2.jar:/Users/shifatsahariar/.m2/repository/junit/junit/4.13.2/junit-4.13.2.jar:/Users/shifatsahariar/.m2/repository/org/hamcrest/hamcrest-core/1.3/hamcrest-core-1.3.jar:/Users/shifatsahariar/.m2/repository/org/junit/jupiter/junit-jupiter-params/5.9.2/junit-jupiter-params-5.9.2.jar:"/>
    <property name="sun.cpu.endian" value="little"/>
    <property name="user.home" value="/Users/shifatsahariar"/>
    <property name="user.language" value="en"/>
    <property name="java.specification.vendor" value="Oracle Corporation"/>
    <property name="jdk.module.path" value="/Users/shifatsahariar/Documents/java/Udasecurity/ImageService/target/classes:/Users/shifatsahariar/.m2/repository/software/amazon/awssdk/sdk-core/2.19.18/sdk-core-2.19.18.jar:/Users/shifatsahariar/.m2/repository/software/amazon/awssdk/auth/2.19.18/auth-2.19.18.jar:/Users/shifatsahariar/.m2/repository/software/amazon/awssdk/rekognition/2.19.18/rekognition-2.19.18.jar:/Users/shifatsahariar/.m2/repository/software/amazon/awssdk/regions/2.19.18/regions-2.19.18.jar:/Users/shifatsahariar/.m2/repository/org/slf4j/slf4j-api/1.7.30/slf4j-api-1.7.30.jar"/>
    <property name="java.version.date" value="2022-08-18"/>
    <property name="java.home" value="/usr/local/Cellar/openjdk/18.0.2.1_1/libexec/openjdk.jdk/Contents/Home"/>
    <property name="file.separator" value="/"/>
    <property name="basedir" value="/Users/shifatsahariar/Documents/java/Udasecurity/ImageService"/>
    <property name="java.vm.compressedOopsMode" value="Zero based"/>
    <property name="line.separator" value="&#10;"/>
    <property name="java.specification.name" value="Java Platform API Specification"/>
    <property name="java.vm.specification.vendor" value="Oracle Corporation"/>
    <property name="apple.awt.application.name" value="ForkedBooter"/>
    <property name="surefire.real.class.path" value="/Users/shifatsahariar/.m2/repository/org/apache/maven/surefire/surefire-booter/3.0.0-M8/surefire-booter-3.0.0-M8.jar:/Users/shifatsahariar/.m2/repository/org/apache/maven/surefire/surefire-api/3.0.0-M8/surefire-api-3.0.0-M8.jar:/Users/shifatsahariar/.m2/repository/org/apache/maven/surefire/surefire-logger-api/3.0.0-M8/surefire-logger-api-3.0.0-M8.jar:/Users/shifatsahariar/.m2/repository/org/apache/maven/surefire/surefire-shared-utils/3.0.0-M8/surefire-shared-utils-3.0.0-M8.jar:/Users/shifatsahariar/.m2/repository/org/apache/maven/surefire/surefire-extensions-spi/3.0.0-M8/surefire-extensions-spi-3.0.0-M8.jar:/Users/shifatsahariar/Documents/java/Udasecurity/ImageService/target/test-classes:/Users/shifatsahariar/.m2/repository/software/amazon/awssdk/protocol-core/2.19.18/protocol-core-2.19.18.jar:/Users/shifatsahariar/.m2/repository/org/reactivestreams/reactive-streams/1.0.3/reactive-streams-1.0.3.jar:/Users/shifatsahariar/.m2/repository/software/amazon/awssdk/annotations/2.19.18/annotations-2.19.18.jar:/Users/shifatsahariar/.m2/repository/software/amazon/awssdk/utils/2.19.18/utils-2.19.18.jar:/Users/shifatsahariar/.m2/repository/software/amazon/awssdk/http-client-spi/2.19.18/http-client-spi-2.19.18.jar:/Users/shifatsahariar/.m2/repository/software/amazon/awssdk/sts/2.19.18/sts-2.19.18.jar:/Users/shifatsahariar/.m2/repository/software/amazon/awssdk/aws-query-protocol/2.19.18/aws-query-protocol-2.19.18.jar:/Users/shifatsahariar/.m2/repository/software/amazon/awssdk/profiles/2.19.18/profiles-2.19.18.jar:/Users/shifatsahariar/.m2/repository/software/amazon/eventstream/eventstream/1.0.1/eventstream-1.0.1.jar:/Users/shifatsahariar/.m2/repository/software/amazon/awssdk/aws-core/2.19.18/aws-core-2.19.18.jar:/Users/shifatsahariar/.m2/repository/software/amazon/awssdk/metrics-spi/2.19.18/metrics-spi-2.19.18.jar:/Users/shifatsahariar/.m2/repository/software/amazon/awssdk/json-utils/2.19.18/json-utils-2.19.18.jar:/Users/shifatsahariar/.m2/repository/software/amazon/awssdk/third-party-jackson-core/2.19.18/third-party-jackson-core-2.19.18.jar:/Users/shifatsahariar/.m2/repository/software/amazon/awssdk/endpoints-spi/2.19.18/endpoints-spi-2.19.18.jar:/Users/shifatsahariar/.m2/repository/software/amazon/awssdk/apache-client/2.19.18/apache-client-2.19.18.jar:/Users/shifatsahariar/.m2/repository/org/apache/httpcomponents/httpclient/4.5.13/httpclient-4.5.13.jar:/Users/shifatsahariar/.m2/repository/commons-logging/commons-logging/1.2/commons-logging-1.2.jar:/Users/shifatsahariar/.m2/repository/commons-codec/commons-codec/1.11/commons-codec-1.11.jar:/Users/shifatsahariar/.m2/repository/org/apache/httpcomponents/httpcore/4.4.13/httpcore-4.4.13.jar:/Users/shifatsahariar/.m2/repository/software/amazon/awssdk/netty-nio-client/2.19.18/netty-nio-client-2.19.18.jar:/Users/shifatsahariar/.m2/repository/io/netty/netty-codec-http/4.1.86.Final/netty-codec-http-4.1.86.Final.jar:/Users/shifatsahariar/.m2/repository/io/netty/netty-codec-http2/4.1.86.Final/netty-codec-http2-4.1.86.Final.jar:/Users/shifatsahariar/.m2/repository/io/netty/netty-codec/4.1.86.Final/netty-codec-4.1.86.Final.jar:/Users/shifatsahariar/.m2/repository/io/netty/netty-transport/4.1.86.Final/netty-transport-4.1.86.Final.jar:/Users/shifatsahariar/.m2/repository/io/netty/netty-resolver/4.1.86.Final/netty-resolver-4.1.86.Final.jar:/Users/shifatsahariar/.m2/repository/io/netty/netty-common/4.1.86.Final/netty-common-4.1.86.Final.jar:/Users/shifatsahariar/.m2/repository/io/netty/netty-buffer/4.1.86.Final/netty-buffer-4.1.86.Final.jar:/Users/shifatsahariar/.m2/repository/io/netty/netty-handler/4.1.86.Final/netty-handler-4.1.86.Final.jar:/Users/shifatsahariar/.m2/repository/io/netty/netty-transport-native-unix-common/4.1.86.Final/netty-transport-native-unix-common-4.1.86.Final.jar:/Users/shifatsahariar/.m2/repository/io/netty/netty-transport-classes-epoll/4.1.86.Final/netty-transport-classes-epoll-4.1.86.Final.jar:/Users/shifatsahariar/.m2/repository/software/amazon/awssdk/aws-json-protocol/2.19.18/aws-json-protocol-2.19.18.jar:/Users/shifatsahariar/.m2/repository/org/junit/platform/junit-platform-launcher/1.9.2/junit-platform-launcher-1.9.2.jar:/Users/shifatsahariar/.m2/repository/org/junit/platform/junit-platform-engine/1.9.2/junit-platform-engine-1.9.2.jar:/Users/shifatsahariar/.m2/repository/org/opentest4j/opentest4j/1.2.0/opentest4j-1.2.0.jar:/Users/shifatsahariar/.m2/repository/org/junit/platform/junit-platform-commons/1.9.2/junit-platform-commons-1.9.2.jar:/Users/shifatsahariar/.m2/repository/org/apiguardian/apiguardian-api/1.1.2/apiguardian-api-1.1.2.jar:/Users/shifatsahariar/.m2/repository/org/junit/jupiter/junit-jupiter-engine/5.9.2/junit-jupiter-engine-5.9.2.jar:/Users/shifatsahariar/.m2/repository/org/junit/jupiter/junit-jupiter-api/5.9.2/junit-jupiter-api-5.9.2.jar:/Users/shifatsahariar/.m2/repository/org/junit/vintage/junit-vintage-engine/5.9.2/junit-vintage-engine-5.9.2.jar:/Users/shifatsahariar/.m2/repository/junit/junit/4.13.2/junit-4.13.2.jar:/Users/shifatsahariar/.m2/repository/org/hamcrest/hamcrest-core/1.3/hamcrest-core-1.3.jar:/Users/shifatsahariar/.m2/repository/org/junit/jupiter/junit-jupiter-params/5.9.2/junit-jupiter-params-5.9.2.jar:/Users/shifatsahariar/.m2/repository/org/apache/maven/surefire/surefire-junit-platform/3.0.0-M8/surefire-junit-platform-3.0.0-M8.jar:/Users/shifatsahariar/.m2/repository/org/apache/maven/surefire/common-java5/3.0.0-M8/common-java5-3.0.0-M8.jar"/>
    <property name="sun.management.compiler" value="HotSpot 64-Bit Tiered Compilers"/>
    <property name="java.runtime.version" value="18.0.2.1+1"/>
    <property name="user.name" value="shifatsahariar"/>
    <property name="path.separator" value=":"/>
    <property name="os.version" value="12.6"/>
    <property name="java.runtime.name" value="OpenJDK Runtime Environment"/>
    <property name="file.encoding" value="UTF-8"/>
    <property name="java.vm.name" value="OpenJDK 64-Bit Server VM"/>
    <property name="java.vendor.version" value="Homebrew"/>
    <property name="localRepository" value="/Users/shifatsahariar/.m2/repository"/>
    <property name="java.vendor.url.bug" value="https://github.com/Homebrew/homebrew-core/issues"/>
    <property name="java.io.tmpdir" value="/var/folders/1v/38skv9qj6k7dcxthpg8thdq80000gn/T/"/>
    <property name="java.version" value="18.0.2.1"/>
    <property name="user.dir" value="/Users/shifatsahariar/Documents/java/Udasecurity/ImageService"/>
    <property name="os.arch" value="x86_64"/>
    <property name="java.vm.specification.name" value="Java Virtual Machine Specification"/>
    <property name="native.encoding" value="UTF-8"/>
    <property name="java.library.path" value="/Users/shifatsahariar/Library/Java/Extensions:/Library/Java/Extensions:/Network/Library/Java/Extensions:/System/Library/Java/Extensions:/usr/lib/java:."/>
    <property name="java.vm.info" value="mixed mode"/>
    <property name="java.vendor" value="Homebrew"/>
    <property name="java.vm.version" value="18.0.2.1+1"/>
    <property name="sun.io.unicode.encoding" value="UnicodeBig"/>
    <property name="java.class.version" value="62.0"/>
  </properties>
  <testcase name="testApp" classname="org.shifat.AppTest" time="0.006"/>
</testsuite>